[2026-05-01 17:11:33] INFO     ======================================================================
[2026-05-01 17:11:33] INFO     Freedom Wall Scraper v1.0.0
[2026-05-01 17:11:33] INFO     Mode: playwright | Cookies: cookies.json
[2026-05-01 17:11:33] INFO     ======================================================================
[2026-05-01 17:11:33] INFO     Targets: ['SLU']
[2026-05-01 17:11:33] INFO     Target posts per page: 100
[2026-05-01 17:11:33] INFO     Loaded 5 cookies — authenticated mode ON (timeout=1800s, max_scrolls=800, delay=4-9s)
[2026-05-01 17:11:33] INFO     ==================================================
[2026-05-01 17:11:33] INFO     Processing 1/1: SLU
[2026-05-01 17:11:33] INFO     ============================================================
[2026-05-01 17:11:33] INFO     Starting scrape for SLU
[2026-05-01 17:11:33] INFO     [SLU] Trying strategy: desktop
[2026-05-01 17:11:34] INFO     [SLU][desktop] Injected 5 session cookies
[2026-05-01 17:11:34] INFO     [SLU][desktop] Navigating to https://www.facebook.com/p/SLU-Freedom-Wall-61563510362403/
[2026-05-01 17:11:38] INFO     [SLU] Dismissed login modal via div[role='dialog'] [aria-label='Close']
[2026-05-01 17:11:42] INFO     [SLU][desktop] Clicked Posts tab via a:has-text('Posts')
[2026-05-01 17:11:46] INFO     [SLU][desktop] Scroll 1: +12 new (total 12) [1s elapsed]
[2026-05-01 17:13:27] INFO     [SLU][desktop] Scroll 12: +2 new (total 16) [102s elapsed]
[2026-05-01 17:13:37] INFO     [SLU][desktop] Scroll 13: +2 new (total 18) [112s elapsed]
[2026-05-01 17:14:01] INFO     [SLU][desktop] Scroll 16: +2 new (total 20) [136s elapsed]
[2026-05-01 17:14:39] INFO     [SLU][desktop] Scroll 21: +2 new (total 22) [174s elapsed]
[2026-05-01 17:15:40] INFO     [SLU][desktop] Scroll 28: +3 new (total 28) [235s elapsed]
[2026-05-01 17:16:17] INFO     [SLU][desktop] Scroll 32: +2 new (total 31) [273s elapsed]
[2026-05-01 17:16:33] INFO     [SLU][desktop] Scroll 33: +2 new (total 33) [288s elapsed]
[2026-05-01 17:16:48] INFO     [SLU][desktop] Scroll 34: +3 new (total 36) [303s elapsed]
[2026-05-01 17:17:04] INFO     [SLU][desktop] Scroll 35: +2 new (total 38) [319s elapsed]
[2026-05-01 17:18:03] INFO     [SLU][desktop] Scroll 40: +2 new (total 41) [378s elapsed]
[2026-05-01 17:18:15] INFO     [SLU][desktop] Scroll 41: +2 new (total 43) [391s elapsed]
[2026-05-01 17:18:32] INFO     [SLU][desktop] Scroll 42: +6 new (total 49) [407s elapsed]
[2026-05-01 17:18:47] INFO     [SLU][desktop] Scroll 43: +6 new (total 55) [422s elapsed]
[2026-05-01 17:19:04] INFO     [SLU][desktop] Scroll 44: +2 new (total 57) [440s elapsed]
[2026-05-01 17:19:10] INFO     [SLU][desktop] Scroll 45: +3 new (total 60) [446s elapsed]
[2026-05-01 17:19:29] INFO     [SLU][desktop] Scroll 46: +3 new (total 63) [464s elapsed]
[2026-05-01 17:19:47] INFO     [SLU][desktop] Scroll 47: +4 new (total 67) [483s elapsed]
[2026-05-01 17:20:21] INFO     [SLU][desktop] Scroll 49: +4 new (total 72) [516s elapsed]
[2026-05-01 17:20:36] INFO     [SLU][desktop] Scroll 50: +4 new (total 76) [531s elapsed]
[2026-05-01 17:20:51] INFO     [SLU][desktop] Scroll 51: +1 new (total 77) [546s elapsed]
[2026-05-01 17:21:22] INFO     [SLU][desktop] Scroll 53: +7 new (total 85) [577s elapsed]
[2026-05-01 17:21:42] INFO     [SLU][desktop] Scroll 54: +2 new (total 87) [598s elapsed]
[2026-05-01 17:22:05] INFO     [SLU][desktop] Scroll 55: +3 new (total 90) [620s elapsed]
[2026-05-01 17:22:22] INFO     [SLU][desktop] Scroll 56: +2 new (total 92) [638s elapsed]
[2026-05-01 17:23:04] INFO     [SLU][desktop] Scroll 58: +3 new (total 96) [679s elapsed]
[2026-05-01 17:23:23] INFO     [SLU][desktop] Scroll 59: +2 new (total 98) [698s elapsed]
[2026-05-01 17:23:44] INFO     [SLU][desktop] Scroll 60: +5 new (total 103) [720s elapsed]
[2026-05-01 17:23:44] INFO     [SLU][desktop] Target reached: 103 posts
[2026-05-01 17:23:47] INFO     [SLU] Strategy 'desktop' yielded 103 posts
[2026-05-01 17:23:47] INFO     [SLU] Final: 103 posts via 'desktop' in 733s — status: target_reached
[2026-05-01 17:23:47] INFO     [SLU] Saved to C:\Users\Alex Evan\Documents\Research\scraper_project\data\SLU.json (103 posts)
[2026-05-01 17:23:47] INFO     ======================================================================
[2026-05-01 17:23:47] INFO     SCRAPE COMPLETE
[2026-05-01 17:23:47] INFO       Mode: playwright | Authenticated: True
[2026-05-01 17:23:47] INFO       Pages: 1 attempted, 1 with data
[2026-05-01 17:23:47] INFO       Total posts: 103
[2026-05-01 17:23:47] INFO       Duration: 733s (12.2 min)
[2026-05-01 17:23:47] INFO       Summary: C:\Users\Alex Evan\Documents\Research\scraper_project\data\scrape_summary.json
[2026-05-01 17:23:47] INFO     ======================================================================
