[2026-05-02 18:03:18] INFO     ======================================================================
[2026-05-02 18:03:18] INFO     Freedom Wall Scraper v1.0.0
[2026-05-02 18:03:18] INFO     Mode: playwright | Cookies: cookies.json
[2026-05-02 18:03:18] INFO     ======================================================================
[2026-05-02 18:03:18] INFO     Targets: ['SLU']
[2026-05-02 18:03:18] INFO     Target posts per page: 50
[2026-05-02 18:03:18] INFO     Loaded 8 cookies — authenticated mode ON (timeout=28800s, max_scrolls=5000, delay=1.5-3.5s)
[2026-05-02 18:03:18] INFO     ==================================================
[2026-05-02 18:03:18] INFO     Processing 1/1: SLU
[2026-05-02 18:03:18] INFO     ============================================================
[2026-05-02 18:03:18] INFO     Starting scrape for SLU
[2026-05-02 18:03:18] INFO     [SLU] Trying strategy: desktop
[2026-05-02 18:03:18] INFO     [SLU][desktop] Persistent profile: C:\Users\ALEXEV~1\AppData\Local\Temp\fb_login_profile
[2026-05-02 18:03:19] WARNING  [SLU][desktop] Attempt 1 failed: BrowserType.launch_persistent_context: Target page, context or browser has been closed
Browser logs:

<launching> C:\Program Files\Google\Chrome\Application\chrome.exe --disable-field-trial-config --disable-background-networking --disable-background-timer-throttling --disable-backgrounding-occluded-windows --disable-back-forward-cache --disable-breakpad --disable-client-side-phishing-detection --disable-component-extensions-with-background-pages --disable-component-update --no-default-browser-check --disable-default-apps --disable-dev-shm-usage --disable-extensions --disable-features=AvoidUnnecessaryBeforeUnloadCheckSync,BoundaryEventDispatchTracksNodeRemoval,DestroyProfileOnBrowserClose,DialMediaRouteProvider,GlobalMediaControls,HttpsUpgrades,LensOverlay,MediaRouter,PaintHolding,ThirdPartyStoragePartitioning,Translate,AutoDeElevate,RenderDocument,OptimizationHints --enable-features=CDPScreenshotNewSurface --allow-pre-commit-input --disable-hang-monitor --disable-ipc-flooding-protection --disable-popup-blocking --disable-prompt-on-repost --disable-renderer-backgrounding --force-color-profile=srgb --metrics-recording-only --no-first-run --password-store=basic --use-mock-keychain --no-service-autorun --export-tagged-pdf --disable-search-engine-choice-screen --unsafely-disable-devtools-self-xss-warnings --edge-skip-compat-layer-relaunch --disable-infobars --disable-search-engine-choice-screen --disable-sync --enable-unsafe-swiftshader --headless --hide-scrollbars --mute-audio --blink-settings=primaryHoverType=2,availableHoverTypes=2,primaryPointerType=4,availablePointerTypes=4 --no-sandbox --disable-blink-features=AutomationControlled --disable-dev-shm-usage --disable-background-networking --disable-sync --disable-notifications --disable-translate --disable-default-apps --js-flags=--max_old_space_size=512 --user-data-dir=C:\Users\ALEXEV~1\AppData\Local\Temp\fb_login_profile --remote-debugging-pipe about:blank
<launched> pid=10588
Call log:
  - <launching> C:\Program Files\Google\Chrome\Application\chrome.exe --disable-field-trial-config --disable-background-networking --disable-background-timer-throttling --disable-backgrounding-occluded-windows --disable-back-forward-cache --disable-breakpad --disable-client-side-phishing-detection --disable-component-extensions-with-background-pages --disable-component-update --no-default-browser-check --disable-default-apps --disable-dev-shm-usage --disable-extensions --disable-features=AvoidUnnecessaryBeforeUnloadCheckSync,BoundaryEventDispatchTracksNodeRemoval,DestroyProfileOnBrowserClose,DialMediaRouteProvider,GlobalMediaControls,HttpsUpgrades,LensOverlay,MediaRouter,PaintHolding,ThirdPartyStoragePartitioning,Translate,AutoDeElevate,RenderDocument,OptimizationHints --enable-features=CDPScreenshotNewSurface --allow-pre-commit-input --disable-hang-monitor --disable-ipc-flooding-protection --disable-popup-blocking --disable-prompt-on-repost --disable-renderer-backgrounding --force-color-profile=srgb --metrics-recording-only --no-first-run --password-store=basic --use-mock-keychain --no-service-autorun --export-tagged-pdf --disable-search-engine-choice-screen --unsafely-disable-devtools-self-xss-warnings --edge-skip-compat-layer-relaunch --disable-infobars --disable-search-engine-choice-screen --disable-sync --enable-unsafe-swiftshader --headless --hide-scrollbars --mute-audio --blink-settings=primaryHoverType=2,availableHoverTypes=2,primaryPointerType=4,availablePointerTypes=4 --no-sandbox --disable-blink-features=AutomationControlled --disable-dev-shm-usage --disable-background-networking --disable-sync --disable-notifications --disable-translate --disable-default-apps --js-flags=--max_old_space_size=512 --user-data-dir=C:\Users\ALEXEV~1\AppData\Local\Temp\fb_login_profile --remote-debugging-pipe about:blank
  - <launched> pid=10588
  - [pid=10588] <gracefully close start>
  - [pid=10588] <kill>
  - [pid=10588] <will force kill>
  - [pid=10588] taskkill stderr: ERROR: The process "10588" not found.
  - [pid=10588] <process did exit: exitCode=21, signal=null>
  - [pid=10588] starting temporary directories cleanup
  - [pid=10588] finished temporary directories cleanup
  - [pid=10588] <gracefully close end>
 — retrying in 5.5s
[2026-05-02 18:03:25] INFO     [SLU][desktop] Persistent profile: C:\Users\ALEXEV~1\AppData\Local\Temp\fb_login_profile
[2026-05-02 18:03:25] WARNING  [SLU][desktop] Attempt 2 failed: BrowserType.launch_persistent_context: Target page, context or browser has been closed
Browser logs:

<launching> C:\Program Files\Google\Chrome\Application\chrome.exe --disable-field-trial-config --disable-background-networking --disable-background-timer-throttling --disable-backgrounding-occluded-windows --disable-back-forward-cache --disable-breakpad --disable-client-side-phishing-detection --disable-component-extensions-with-background-pages --disable-component-update --no-default-browser-check --disable-default-apps --disable-dev-shm-usage --disable-extensions --disable-features=AvoidUnnecessaryBeforeUnloadCheckSync,BoundaryEventDispatchTracksNodeRemoval,DestroyProfileOnBrowserClose,DialMediaRouteProvider,GlobalMediaControls,HttpsUpgrades,LensOverlay,MediaRouter,PaintHolding,ThirdPartyStoragePartitioning,Translate,AutoDeElevate,RenderDocument,OptimizationHints --enable-features=CDPScreenshotNewSurface --allow-pre-commit-input --disable-hang-monitor --disable-ipc-flooding-protection --disable-popup-blocking --disable-prompt-on-repost --disable-renderer-backgrounding --force-color-profile=srgb --metrics-recording-only --no-first-run --password-store=basic --use-mock-keychain --no-service-autorun --export-tagged-pdf --disable-search-engine-choice-screen --unsafely-disable-devtools-self-xss-warnings --edge-skip-compat-layer-relaunch --disable-infobars --disable-search-engine-choice-screen --disable-sync --enable-unsafe-swiftshader --headless --hide-scrollbars --mute-audio --blink-settings=primaryHoverType=2,availableHoverTypes=2,primaryPointerType=4,availablePointerTypes=4 --no-sandbox --disable-blink-features=AutomationControlled --disable-dev-shm-usage --disable-background-networking --disable-sync --disable-notifications --disable-translate --disable-default-apps --js-flags=--max_old_space_size=512 --user-data-dir=C:\Users\ALEXEV~1\AppData\Local\Temp\fb_login_profile --remote-debugging-pipe about:blank
<launched> pid=12124
Call log:
  - <launching> C:\Program Files\Google\Chrome\Application\chrome.exe --disable-field-trial-config --disable-background-networking --disable-background-timer-throttling --disable-backgrounding-occluded-windows --disable-back-forward-cache --disable-breakpad --disable-client-side-phishing-detection --disable-component-extensions-with-background-pages --disable-component-update --no-default-browser-check --disable-default-apps --disable-dev-shm-usage --disable-extensions --disable-features=AvoidUnnecessaryBeforeUnloadCheckSync,BoundaryEventDispatchTracksNodeRemoval,DestroyProfileOnBrowserClose,DialMediaRouteProvider,GlobalMediaControls,HttpsUpgrades,LensOverlay,MediaRouter,PaintHolding,ThirdPartyStoragePartitioning,Translate,AutoDeElevate,RenderDocument,OptimizationHints --enable-features=CDPScreenshotNewSurface --allow-pre-commit-input --disable-hang-monitor --disable-ipc-flooding-protection --disable-popup-blocking --disable-prompt-on-repost --disable-renderer-backgrounding --force-color-profile=srgb --metrics-recording-only --no-first-run --password-store=basic --use-mock-keychain --no-service-autorun --export-tagged-pdf --disable-search-engine-choice-screen --unsafely-disable-devtools-self-xss-warnings --edge-skip-compat-layer-relaunch --disable-infobars --disable-search-engine-choice-screen --disable-sync --enable-unsafe-swiftshader --headless --hide-scrollbars --mute-audio --blink-settings=primaryHoverType=2,availableHoverTypes=2,primaryPointerType=4,availablePointerTypes=4 --no-sandbox --disable-blink-features=AutomationControlled --disable-dev-shm-usage --disable-background-networking --disable-sync --disable-notifications --disable-translate --disable-default-apps --js-flags=--max_old_space_size=512 --user-data-dir=C:\Users\ALEXEV~1\AppData\Local\Temp\fb_login_profile --remote-debugging-pipe about:blank
  - <launched> pid=12124
  - [pid=12124] <gracefully close start>
  - [pid=12124] <kill>
  - [pid=12124] <will force kill>
  - [pid=12124] taskkill stderr: ERROR: The process "12124" not found.
  - [pid=12124] <process did exit: exitCode=21, signal=null>
  - [pid=12124] starting temporary directories cleanup
  - [pid=12124] finished temporary directories cleanup
  - [pid=12124] <gracefully close end>
 — retrying in 10.7s
[2026-05-02 18:03:36] INFO     [SLU][desktop] Persistent profile: C:\Users\ALEXEV~1\AppData\Local\Temp\fb_login_profile
[2026-05-02 18:03:36] WARNING  [SLU][desktop] Attempt 3 failed: BrowserType.launch_persistent_context: Target page, context or browser has been closed
Browser logs:

<launching> C:\Program Files\Google\Chrome\Application\chrome.exe --disable-field-trial-config --disable-background-networking --disable-background-timer-throttling --disable-backgrounding-occluded-windows --disable-back-forward-cache --disable-breakpad --disable-client-side-phishing-detection --disable-component-extensions-with-background-pages --disable-component-update --no-default-browser-check --disable-default-apps --disable-dev-shm-usage --disable-extensions --disable-features=AvoidUnnecessaryBeforeUnloadCheckSync,BoundaryEventDispatchTracksNodeRemoval,DestroyProfileOnBrowserClose,DialMediaRouteProvider,GlobalMediaControls,HttpsUpgrades,LensOverlay,MediaRouter,PaintHolding,ThirdPartyStoragePartitioning,Translate,AutoDeElevate,RenderDocument,OptimizationHints --enable-features=CDPScreenshotNewSurface --allow-pre-commit-input --disable-hang-monitor --disable-ipc-flooding-protection --disable-popup-blocking --disable-prompt-on-repost --disable-renderer-backgrounding --force-color-profile=srgb --metrics-recording-only --no-first-run --password-store=basic --use-mock-keychain --no-service-autorun --export-tagged-pdf --disable-search-engine-choice-screen --unsafely-disable-devtools-self-xss-warnings --edge-skip-compat-layer-relaunch --disable-infobars --disable-search-engine-choice-screen --disable-sync --enable-unsafe-swiftshader --headless --hide-scrollbars --mute-audio --blink-settings=primaryHoverType=2,availableHoverTypes=2,primaryPointerType=4,availablePointerTypes=4 --no-sandbox --disable-blink-features=AutomationControlled --disable-dev-shm-usage --disable-background-networking --disable-sync --disable-notifications --disable-translate --disable-default-apps --js-flags=--max_old_space_size=512 --user-data-dir=C:\Users\ALEXEV~1\AppData\Local\Temp\fb_login_profile --remote-debugging-pipe about:blank
<launched> pid=17708
Call log:
  - <launching> C:\Program Files\Google\Chrome\Application\chrome.exe --disable-field-trial-config --disable-background-networking --disable-background-timer-throttling --disable-backgrounding-occluded-windows --disable-back-forward-cache --disable-breakpad --disable-client-side-phishing-detection --disable-component-extensions-with-background-pages --disable-component-update --no-default-browser-check --disable-default-apps --disable-dev-shm-usage --disable-extensions --disable-features=AvoidUnnecessaryBeforeUnloadCheckSync,BoundaryEventDispatchTracksNodeRemoval,DestroyProfileOnBrowserClose,DialMediaRouteProvider,GlobalMediaControls,HttpsUpgrades,LensOverlay,MediaRouter,PaintHolding,ThirdPartyStoragePartitioning,Translate,AutoDeElevate,RenderDocument,OptimizationHints --enable-features=CDPScreenshotNewSurface --allow-pre-commit-input --disable-hang-monitor --disable-ipc-flooding-protection --disable-popup-blocking --disable-prompt-on-repost --disable-renderer-backgrounding --force-color-profile=srgb --metrics-recording-only --no-first-run --password-store=basic --use-mock-keychain --no-service-autorun --export-tagged-pdf --disable-search-engine-choice-screen --unsafely-disable-devtools-self-xss-warnings --edge-skip-compat-layer-relaunch --disable-infobars --disable-search-engine-choice-screen --disable-sync --enable-unsafe-swiftshader --headless --hide-scrollbars --mute-audio --blink-settings=primaryHoverType=2,availableHoverTypes=2,primaryPointerType=4,availablePointerTypes=4 --no-sandbox --disable-blink-features=AutomationControlled --disable-dev-shm-usage --disable-background-networking --disable-sync --disable-notifications --disable-translate --disable-default-apps --js-flags=--max_old_space_size=512 --user-data-dir=C:\Users\ALEXEV~1\AppData\Local\Temp\fb_login_profile --remote-debugging-pipe about:blank
  - <launched> pid=17708
  - [pid=17708] <gracefully close start>
  - [pid=17708] <kill>
  - [pid=17708] <will force kill>
  - [pid=17708] taskkill stderr: ERROR: The process "17708" not found.
  - [pid=17708] <process did exit: exitCode=21, signal=null>
  - [pid=17708] starting temporary directories cleanup
  - [pid=17708] finished temporary directories cleanup
  - [pid=17708] <gracefully close end>
 — retrying in 20.7s
[2026-05-02 18:03:57] ERROR    [SLU][desktop] All retries exhausted: BrowserType.launch_persistent_context: Target page, context or browser has been closed
Browser logs:

<launching> C:\Program Files\Google\Chrome\Application\chrome.exe --disable-field-trial-config --disable-background-networking --disable-background-timer-throttling --disable-backgrounding-occluded-windows --disable-back-forward-cache --disable-breakpad --disable-client-side-phishing-detection --disable-component-extensions-with-background-pages --disable-component-update --no-default-browser-check --disable-default-apps --disable-dev-shm-usage --disable-extensions --disable-features=AvoidUnnecessaryBeforeUnloadCheckSync,BoundaryEventDispatchTracksNodeRemoval,DestroyProfileOnBrowserClose,DialMediaRouteProvider,GlobalMediaControls,HttpsUpgrades,LensOverlay,MediaRouter,PaintHolding,ThirdPartyStoragePartitioning,Translate,AutoDeElevate,RenderDocument,OptimizationHints --enable-features=CDPScreenshotNewSurface --allow-pre-commit-input --disable-hang-monitor --disable-ipc-flooding-protection --disable-popup-blocking --disable-prompt-on-repost --disable-renderer-backgrounding --force-color-profile=srgb --metrics-recording-only --no-first-run --password-store=basic --use-mock-keychain --no-service-autorun --export-tagged-pdf --disable-search-engine-choice-screen --unsafely-disable-devtools-self-xss-warnings --edge-skip-compat-layer-relaunch --disable-infobars --disable-search-engine-choice-screen --disable-sync --enable-unsafe-swiftshader --headless --hide-scrollbars --mute-audio --blink-settings=primaryHoverType=2,availableHoverTypes=2,primaryPointerType=4,availablePointerTypes=4 --no-sandbox --disable-blink-features=AutomationControlled --disable-dev-shm-usage --disable-background-networking --disable-sync --disable-notifications --disable-translate --disable-default-apps --js-flags=--max_old_space_size=512 --user-data-dir=C:\Users\ALEXEV~1\AppData\Local\Temp\fb_login_profile --remote-debugging-pipe about:blank
<launched> pid=17708
Call log:
  - <launching> C:\Program Files\Google\Chrome\Application\chrome.exe --disable-field-trial-config --disable-background-networking --disable-background-timer-throttling --disable-backgrounding-occluded-windows --disable-back-forward-cache --disable-breakpad --disable-client-side-phishing-detection --disable-component-extensions-with-background-pages --disable-component-update --no-default-browser-check --disable-default-apps --disable-dev-shm-usage --disable-extensions --disable-features=AvoidUnnecessaryBeforeUnloadCheckSync,BoundaryEventDispatchTracksNodeRemoval,DestroyProfileOnBrowserClose,DialMediaRouteProvider,GlobalMediaControls,HttpsUpgrades,LensOverlay,MediaRouter,PaintHolding,ThirdPartyStoragePartitioning,Translate,AutoDeElevate,RenderDocument,OptimizationHints --enable-features=CDPScreenshotNewSurface --allow-pre-commit-input --disable-hang-monitor --disable-ipc-flooding-protection --disable-popup-blocking --disable-prompt-on-repost --disable-renderer-backgrounding --force-color-profile=srgb --metrics-recording-only --no-first-run --password-store=basic --use-mock-keychain --no-service-autorun --export-tagged-pdf --disable-search-engine-choice-screen --unsafely-disable-devtools-self-xss-warnings --edge-skip-compat-layer-relaunch --disable-infobars --disable-search-engine-choice-screen --disable-sync --enable-unsafe-swiftshader --headless --hide-scrollbars --mute-audio --blink-settings=primaryHoverType=2,availableHoverTypes=2,primaryPointerType=4,availablePointerTypes=4 --no-sandbox --disable-blink-features=AutomationControlled --disable-dev-shm-usage --disable-background-networking --disable-sync --disable-notifications --disable-translate --disable-default-apps --js-flags=--max_old_space_size=512 --user-data-dir=C:\Users\ALEXEV~1\AppData\Local\Temp\fb_login_profile --remote-debugging-pipe about:blank
  - <launched> pid=17708
  - [pid=17708] <gracefully close start>
  - [pid=17708] <kill>
  - [pid=17708] <will force kill>
  - [pid=17708] taskkill stderr: ERROR: The process "17708" not found.
  - [pid=17708] <process did exit: exitCode=21, signal=null>
  - [pid=17708] starting temporary directories cleanup
  - [pid=17708] finished temporary directories cleanup
  - [pid=17708] <gracefully close end>

[2026-05-02 18:03:57] INFO     [SLU] Strategy 'desktop' yielded 0 posts
[2026-05-02 18:03:57] INFO     [SLU] Trying strategy: basic_mobile
[2026-05-02 18:03:58] INFO     [SLU][basic_mobile] Injected 8 session cookies
[2026-05-02 18:03:58] INFO     [SLU][basic_mobile] Loading page 1
[2026-05-02 18:03:59] ERROR    [SLU][basic_mobile] Error: Page.goto: net::ERR_ABORTED at https://mbasic.facebook.com/profile.php?id=61563510362403
Call log:
  - navigating to "https://mbasic.facebook.com/profile.php?id=61563510362403", waiting until "domcontentloaded"

[2026-05-02 18:03:59] INFO     [SLU] Strategy 'basic_mobile' yielded 0 posts
[2026-05-02 18:03:59] INFO     [SLU] Final: 0 posts via 'none' in 41s — status: no_data
[2026-05-02 18:03:59] INFO     [SLU] Saved to C:\Users\Alex Evan\Documents\Research\scraper_project\data\SLU.json (0 posts)
[2026-05-02 18:03:59] INFO     ======================================================================
[2026-05-02 18:03:59] INFO     SCRAPE COMPLETE
[2026-05-02 18:03:59] INFO       Mode: playwright | Authenticated: True
[2026-05-02 18:03:59] INFO       Pages: 1 attempted, 0 with data
[2026-05-02 18:03:59] INFO       Total posts: 0
[2026-05-02 18:03:59] INFO       Duration: 41s (0.7 min)
[2026-05-02 18:03:59] INFO       Summary: C:\Users\Alex Evan\Documents\Research\scraper_project\data\scrape_summary.json
[2026-05-02 18:03:59] INFO     ======================================================================
