[2026-05-01 17:07:53] INFO     ======================================================================
[2026-05-01 17:07:53] INFO     Freedom Wall Scraper v1.0.0
[2026-05-01 17:07:53] INFO     Mode: playwright | Cookies: cookies.json
[2026-05-01 17:07:53] INFO     ======================================================================
[2026-05-01 17:07:53] INFO     Targets: ['SLU']
[2026-05-01 17:07:53] INFO     Target posts per page: 100
[2026-05-01 17:07:53] INFO     Loaded 5 cookies — authenticated mode ON (timeout=1800s, max_scrolls=800, delay=4-9s)
[2026-05-01 17:07:53] INFO     ==================================================
[2026-05-01 17:07:53] INFO     Processing 1/1: SLU
[2026-05-01 17:07:53] INFO     ============================================================
[2026-05-01 17:07:53] INFO     Starting scrape for SLU
[2026-05-01 17:07:53] INFO     [SLU] Trying strategy: desktop
[2026-05-01 17:07:53] INFO     [SLU][desktop] Injected 5 session cookies
[2026-05-01 17:07:53] INFO     [SLU][desktop] Navigating to https://www.facebook.com/p/SLU-Freedom-Wall-61563510362403/
[2026-05-01 17:07:57] INFO     [SLU] Dismissed login modal via div[role='dialog'] [aria-label='Close']
[2026-05-01 17:08:01] INFO     [SLU][desktop] Scroll 1: +1 new (total 1) [0s elapsed]
[2026-05-01 17:08:08] INFO     [SLU][desktop] Scroll 2: +14 new (total 15) [8s elapsed]
[2026-05-01 17:08:18] INFO     [SLU][desktop] Scroll 3: +2 new (total 17) [18s elapsed]
[2026-05-01 17:09:45] INFO     [SLU][desktop] No new posts after 10 scrolls — stopping
[2026-05-01 17:09:45] INFO     [SLU] Strategy 'desktop' yielded 17 posts
[2026-05-01 17:09:45] INFO     [SLU] Trying strategy: basic_mobile
[2026-05-01 17:09:46] INFO     [SLU][basic_mobile] Injected 5 session cookies
[2026-05-01 17:09:46] INFO     [SLU][basic_mobile] Loading page 1
[2026-05-01 17:09:49] INFO     [SLU][basic_mobile] Page 1: +0 new (total 0)
[2026-05-01 17:09:49] INFO     [SLU][basic_mobile] No new posts on this page — stopping
[2026-05-01 17:09:50] INFO     [SLU] Strategy 'basic_mobile' yielded 0 posts
[2026-05-01 17:09:50] INFO     [SLU] Final: 17 posts via 'desktop' in 117s — status: partial_collected
[2026-05-01 17:09:50] INFO     [SLU] Saved to C:\Users\Alex Evan\Documents\Research\scraper_project\data\SLU.json (17 posts)
[2026-05-01 17:09:50] INFO     ======================================================================
[2026-05-01 17:09:50] INFO     SCRAPE COMPLETE
[2026-05-01 17:09:50] INFO       Mode: playwright | Authenticated: True
[2026-05-01 17:09:50] INFO       Pages: 1 attempted, 1 with data
[2026-05-01 17:09:50] INFO       Total posts: 17
[2026-05-01 17:09:50] INFO       Duration: 117s (2.0 min)
[2026-05-01 17:09:50] INFO       Summary: C:\Users\Alex Evan\Documents\Research\scraper_project\data\scrape_summary.json
[2026-05-01 17:09:50] INFO     ======================================================================
