[2026-05-01 17:26:27] INFO     ======================================================================
[2026-05-01 17:26:27] INFO     Freedom Wall Scraper v1.0.0
[2026-05-01 17:26:27] INFO     Mode: playwright | Cookies: cookies.json
[2026-05-01 17:26:27] INFO     ======================================================================
[2026-05-01 17:26:27] INFO     Targets: ['SLU']
[2026-05-01 17:26:27] INFO     Target posts per page: 100
[2026-05-01 17:26:27] INFO     Loaded 5 cookies — authenticated mode ON (timeout=1800s, max_scrolls=800, delay=4-9s)
[2026-05-01 17:26:27] INFO     ==================================================
[2026-05-01 17:26:27] INFO     Processing 1/1: SLU
[2026-05-01 17:26:27] INFO     ============================================================
[2026-05-01 17:26:27] INFO     Starting scrape for SLU
[2026-05-01 17:26:27] INFO     [SLU] Trying strategy: desktop
[2026-05-01 17:26:27] INFO     [SLU][desktop] Injected 5 session cookies
[2026-05-01 17:26:27] INFO     [SLU][desktop] Navigating to https://www.facebook.com/p/SLU-Freedom-Wall-61563510362403/
[2026-05-01 17:26:32] INFO     [SLU] Dismissed login modal via div[role='dialog'] [aria-label='Close']
[2026-05-01 17:26:35] INFO     [SLU][desktop] Clicked Posts tab via a:has-text('Posts')
[2026-05-01 17:26:39] INFO     [SLU][desktop] Scroll 1: +1 new (total 1) [0s elapsed]
[2026-05-01 17:26:45] INFO     [SLU][desktop] Scroll 2: +12 new (total 13) [6s elapsed]
[2026-05-01 17:26:55] INFO     [SLU][desktop] Scroll 3: +3 new (total 16) [17s elapsed]
[2026-05-01 17:30:11] INFO     [SLU][desktop] No new posts after 25 scrolls — stopping
[2026-05-01 17:30:11] INFO     [SLU] Strategy 'desktop' yielded 16 posts
[2026-05-01 17:30:11] INFO     [SLU] Trying strategy: basic_mobile
[2026-05-01 17:30:12] INFO     [SLU][basic_mobile] Injected 5 session cookies
[2026-05-01 17:30:12] INFO     [SLU][basic_mobile] Loading page 1
[2026-05-01 17:30:15] INFO     [SLU][basic_mobile] Page 1: +0 new (total 0)
[2026-05-01 17:30:15] INFO     [SLU][basic_mobile] No new posts on this page — stopping
[2026-05-01 17:30:15] INFO     [SLU] Strategy 'basic_mobile' yielded 0 posts
[2026-05-01 17:30:15] INFO     [SLU] Final: 16 posts via 'desktop' in 228s — status: partial_collected
[2026-05-01 17:30:15] INFO     [SLU] Saved to C:\Users\Alex Evan\Documents\Research\scraper_project\data\SLU.json (16 posts)
[2026-05-01 17:30:15] INFO     ======================================================================
[2026-05-01 17:30:15] INFO     SCRAPE COMPLETE
[2026-05-01 17:30:15] INFO       Mode: playwright | Authenticated: True
[2026-05-01 17:30:15] INFO       Pages: 1 attempted, 1 with data
[2026-05-01 17:30:15] INFO       Total posts: 16
[2026-05-01 17:30:15] INFO       Duration: 228s (3.8 min)
[2026-05-01 17:30:15] INFO       Summary: C:\Users\Alex Evan\Documents\Research\scraper_project\data\scrape_summary.json
[2026-05-01 17:30:15] INFO     ======================================================================
