[2026-05-02 19:06:03] INFO     ======================================================================
[2026-05-02 19:06:03] INFO     Freedom Wall Scraper v1.0.0
[2026-05-02 19:06:03] INFO     Mode: playwright | Cookies: cookies.json
[2026-05-02 19:06:03] INFO     ======================================================================
[2026-05-02 19:06:03] INFO     Targets: ['SLU']
[2026-05-02 19:06:03] INFO     Target posts per page: 200
[2026-05-02 19:06:03] INFO     Loaded 8 cookies — authenticated mode ON (timeout=28800s, max_scrolls=5000, delay=1.5-3.5s)
[2026-05-02 19:06:03] INFO     ==================================================
[2026-05-02 19:06:03] INFO     Processing 1/1: SLU
[2026-05-02 19:06:03] INFO     ============================================================
[2026-05-02 19:06:03] INFO     Starting scrape for SLU
[2026-05-02 19:06:03] INFO     [SLU] Trying strategy: desktop
[2026-05-02 19:06:03] INFO     [SLU][desktop] Persistent profile: C:\Users\ALEXEV~1\AppData\Local\Temp\fb_login_profile
[2026-05-02 19:06:04] WARNING  [SLU] Persistent context failed (TargetClosedError: BrowserType.launch_persistent_context: Target page, context or browser has been closed
Browser logs:

<launching> C:\Program Files\Google\Chrome\Application\chrome.exe --disable-field-trial-config --disable-background-networking --disable-background-timer-throttling --disable-backgrounding-occluded-windows --disable-back-forward-cache --disable-breakpad --disable-client-side-phishing-detection --disable-component-extensions-with-background-pages --disable-component-update --no-default-browser-check --disable-default-apps --disable-dev-shm-usage --disable-extensions --disable-features=AvoidUnnecessaryBeforeUnloadCheckSync,BoundaryEventDispatchTracksNodeRemoval,DestroyProfileOnBrowserClose,DialMediaRouteProvider,GlobalMediaControls,HttpsUpgrades,LensOverlay,MediaRouter,PaintHolding,ThirdPartyStoragePartitioning,Translate,AutoDeElevate,RenderDocument,OptimizationHints --enable-features=CDPScreenshotNewSurface --allow-pre-commit-input --disable-hang-monitor --disable-ipc-flooding-protection --disable-popup-blocking --disable-prompt-on-repost --disable-renderer-backgrounding --force-color-profile=srgb --metrics-recording-only --no-first-run --password-store=basic --use-mock-keychain --no-service-autorun --export-tagged-pdf --disable-search-engine-choice-screen --unsafely-disable-devtools-self-xss-warnings --edge-skip-compat-layer-relaunch --disable-infobars --disable-search-engine-choice-screen --disable-sync --enable-unsafe-swiftshader --headless --hide-scrollbars --mute-audio --blink-settings=primaryHoverType=2,availableHoverTypes=2,primaryPointerType=4,availablePointerTypes=4 --no-sandbox --disable-blink-features=AutomationControlled --disable-dev-shm-usage --disable-background-networking --disable-sync --disable-notifications --disable-translate --disable-default-apps --js-flags=--max_old_space_size=512 --user-data-dir=C:\Users\ALEXEV~1\AppData\Local\Temp\fb_login_profile --remote-debugging-pipe about:blank
<launched> pid=27096
Call log:
  - <launching> C:\Program Files\Google\Chrome\Application\chrome.exe --disable-field-trial-config --disable-background-networking --disable-background-timer-throttling --disable-backgrounding-occluded-windows --disable-back-forward-cache --disable-breakpad --disable-client-side-phishing-detection --disable-component-extensions-with-background-pages --disable-component-update --no-default-browser-check --disable-default-apps --disable-dev-shm-usage --disable-extensions --disable-features=AvoidUnnecessaryBeforeUnloadCheckSync,BoundaryEventDispatchTracksNodeRemoval,DestroyProfileOnBrowserClose,DialMediaRouteProvider,GlobalMediaControls,HttpsUpgrades,LensOverlay,MediaRouter,PaintHolding,ThirdPartyStoragePartitioning,Translate,AutoDeElevate,RenderDocument,OptimizationHints --enable-features=CDPScreenshotNewSurface --allow-pre-commit-input --disable-hang-monitor --disable-ipc-flooding-protection --disable-popup-blocking --disable-prompt-on-repost --disable-renderer-backgrounding --force-color-profile=srgb --metrics-recording-only --no-first-run --password-store=basic --use-mock-keychain --no-service-autorun --export-tagged-pdf --disable-search-engine-choice-screen --unsafely-disable-devtools-self-xss-warnings --edge-skip-compat-layer-relaunch --disable-infobars --disable-search-engine-choice-screen --disable-sync --enable-unsafe-swiftshader --headless --hide-scrollbars --mute-audio --blink-settings=primaryHoverType=2,availableHoverTypes=2,primaryPointerType=4,availablePointerTypes=4 --no-sandbox --disable-blink-features=AutomationControlled --disable-dev-shm-usage --disable-background-networking --disable-sync --disable-notifications --disable-translate --disable-default-apps --js-flags=--max_old_space_size=512 --user-data-dir=C:\Users\ALEXEV~1\AppData\Local\Temp\fb_login_profile --remote-debugging-pipe about:blank
  - <launched> pid=27096
  - [pid=27096] <gracefully close start>
  - [pid=27096] <kill>
  - [pid=27096] <will force kill>
  - [pid=27096] taskkill stderr: ERROR: The process "27096" not found.
  - [pid=27096] <process did exit: exitCode=21, signal=null>
  - [pid=27096] starting temporary directories cleanup
  - [pid=27096] finished temporary directories cleanup
  - [pid=27096] <gracefully close end>
) -- falling back to cookie injection
[2026-05-02 19:06:04] INFO     [SLU][desktop] Injected 8 cookies (fallback mode)
[2026-05-02 19:06:04] INFO     [SLU][desktop] Navigating to https://www.facebook.com/p/SLU-Freedom-Wall-61563510362403/
[2026-05-02 19:06:12] INFO     [SLU][desktop] Clicked Posts tab via span:has-text('Posts')
