[2026-05-02 18:10:51] INFO     ======================================================================
[2026-05-02 18:10:51] INFO     Freedom Wall Scraper v1.0.0
[2026-05-02 18:10:51] INFO     Mode: playwright | Cookies: cookies.json
[2026-05-02 18:10:51] INFO     ======================================================================
[2026-05-02 18:10:51] INFO     Targets: ['SLU']
[2026-05-02 18:10:51] INFO     Target posts per page: 50
[2026-05-02 18:10:51] INFO     Loaded 8 cookies — authenticated mode ON (timeout=28800s, max_scrolls=5000, delay=1.5-3.5s)
[2026-05-02 18:10:51] INFO     ==================================================
[2026-05-02 18:10:51] INFO     Processing 1/1: SLU
[2026-05-02 18:10:51] INFO     ============================================================
[2026-05-02 18:10:51] INFO     Starting scrape for SLU
[2026-05-02 18:10:51] INFO     [SLU] Trying strategy: desktop
[2026-05-02 18:10:52] INFO     [SLU][desktop] Persistent profile: C:\Users\ALEXEV~1\AppData\Local\Temp\fb_login_profile
[2026-05-02 18:10:52] WARNING  [SLU] Persistent context failed (TargetClosedError: BrowserType.launch_persistent_context: Target page, context or browser has been closed
Browser logs:

<launching> C:\Program Files\Google\Chrome\Application\chrome.exe --disable-field-trial-config --disable-background-networking --disable-background-timer-throttling --disable-backgrounding-occluded-windows --disable-back-forward-cache --disable-breakpad --disable-client-side-phishing-detection --disable-component-extensions-with-background-pages --disable-component-update --no-default-browser-check --disable-default-apps --disable-dev-shm-usage --disable-extensions --disable-features=AvoidUnnecessaryBeforeUnloadCheckSync,BoundaryEventDispatchTracksNodeRemoval,DestroyProfileOnBrowserClose,DialMediaRouteProvider,GlobalMediaControls,HttpsUpgrades,LensOverlay,MediaRouter,PaintHolding,ThirdPartyStoragePartitioning,Translate,AutoDeElevate,RenderDocument,OptimizationHints --enable-features=CDPScreenshotNewSurface --allow-pre-commit-input --disable-hang-monitor --disable-ipc-flooding-protection --disable-popup-blocking --disable-prompt-on-repost --disable-renderer-backgrounding --force-color-profile=srgb --metrics-recording-only --no-first-run --password-store=basic --use-mock-keychain --no-service-autorun --export-tagged-pdf --disable-search-engine-choice-screen --unsafely-disable-devtools-self-xss-warnings --edge-skip-compat-layer-relaunch --disable-infobars --disable-search-engine-choice-screen --disable-sync --enable-unsafe-swiftshader --headless --hide-scrollbars --mute-audio --blink-settings=primaryHoverType=2,availableHoverTypes=2,primaryPointerType=4,availablePointerTypes=4 --no-sandbox --disable-blink-features=AutomationControlled --disable-dev-shm-usage --disable-background-networking --disable-sync --disable-notifications --disable-translate --disable-default-apps --js-flags=--max_old_space_size=512 --user-data-dir=C:\Users\ALEXEV~1\AppData\Local\Temp\fb_login_profile --remote-debugging-pipe about:blank
<launched> pid=10520
Call log:
  - <launching> C:\Program Files\Google\Chrome\Application\chrome.exe --disable-field-trial-config --disable-background-networking --disable-background-timer-throttling --disable-backgrounding-occluded-windows --disable-back-forward-cache --disable-breakpad --disable-client-side-phishing-detection --disable-component-extensions-with-background-pages --disable-component-update --no-default-browser-check --disable-default-apps --disable-dev-shm-usage --disable-extensions --disable-features=AvoidUnnecessaryBeforeUnloadCheckSync,BoundaryEventDispatchTracksNodeRemoval,DestroyProfileOnBrowserClose,DialMediaRouteProvider,GlobalMediaControls,HttpsUpgrades,LensOverlay,MediaRouter,PaintHolding,ThirdPartyStoragePartitioning,Translate,AutoDeElevate,RenderDocument,OptimizationHints --enable-features=CDPScreenshotNewSurface --allow-pre-commit-input --disable-hang-monitor --disable-ipc-flooding-protection --disable-popup-blocking --disable-prompt-on-repost --disable-renderer-backgrounding --force-color-profile=srgb --metrics-recording-only --no-first-run --password-store=basic --use-mock-keychain --no-service-autorun --export-tagged-pdf --disable-search-engine-choice-screen --unsafely-disable-devtools-self-xss-warnings --edge-skip-compat-layer-relaunch --disable-infobars --disable-search-engine-choice-screen --disable-sync --enable-unsafe-swiftshader --headless --hide-scrollbars --mute-audio --blink-settings=primaryHoverType=2,availableHoverTypes=2,primaryPointerType=4,availablePointerTypes=4 --no-sandbox --disable-blink-features=AutomationControlled --disable-dev-shm-usage --disable-background-networking --disable-sync --disable-notifications --disable-translate --disable-default-apps --js-flags=--max_old_space_size=512 --user-data-dir=C:\Users\ALEXEV~1\AppData\Local\Temp\fb_login_profile --remote-debugging-pipe about:blank
  - <launched> pid=10520
  - [pid=10520] <gracefully close start>
  - [pid=10520] <kill>
  - [pid=10520] <will force kill>
  - [pid=10520] taskkill stderr: ERROR: The process "10520" not found.
  - [pid=10520] <process did exit: exitCode=21, signal=null>
  - [pid=10520] starting temporary directories cleanup
  - [pid=10520] finished temporary directories cleanup
  - [pid=10520] <gracefully close end>
) -- falling back to cookie injection
[2026-05-02 18:10:52] INFO     [SLU][desktop] Injected 8 cookies (fallback mode)
[2026-05-02 18:10:52] INFO     [SLU][desktop] Navigating to https://www.facebook.com/p/SLU-Freedom-Wall-61563510362403/
[2026-05-02 18:11:00] INFO     [SLU][desktop] Clicked Posts tab via span:has-text('Posts')
[2026-05-02 18:12:19] INFO     [SLU] Strategy 'desktop' yielded 50 posts
[2026-05-02 18:12:19] INFO     [SLU] Final: 50 posts via 'desktop' in 88s — status: target_reached
[2026-05-02 18:12:19] INFO     [SLU] Saved to C:\Users\Alex Evan\Documents\Research\scraper_project\data\SLU.json (50 posts)
[2026-05-02 18:12:19] INFO     ======================================================================
[2026-05-02 18:12:19] INFO     SCRAPE COMPLETE
[2026-05-02 18:12:19] INFO       Mode: playwright | Authenticated: True
[2026-05-02 18:12:19] INFO       Pages: 1 attempted, 1 with data
[2026-05-02 18:12:19] INFO       Total posts: 50
[2026-05-02 18:12:19] INFO       Duration: 88s (1.5 min)
[2026-05-02 18:12:19] INFO       Summary: C:\Users\Alex Evan\Documents\Research\scraper_project\data\scrape_summary.json
[2026-05-02 18:12:19] INFO     ======================================================================
