[2026-05-02 15:47:52] INFO     ======================================================================
[2026-05-02 15:47:52] INFO     Freedom Wall Scraper v1.0.0
[2026-05-02 15:47:52] INFO     Mode: playwright | Cookies: cookies.json
[2026-05-02 15:47:52] INFO     ======================================================================
[2026-05-02 15:47:52] INFO     Targets: ['SLU']
[2026-05-02 15:47:52] INFO     Target posts per page: 4000
[2026-05-02 15:47:52] INFO     Loaded 8 cookies — authenticated mode ON (timeout=28800s, max_scrolls=5000, delay=3.5-7.0s)
[2026-05-02 15:47:52] INFO     ==================================================
[2026-05-02 15:47:52] INFO     Processing 1/1: SLU
[2026-05-02 15:47:52] INFO     ============================================================
[2026-05-02 15:47:52] INFO     Starting scrape for SLU
[2026-05-02 15:47:52] INFO     [SLU] Trying strategy: desktop
[2026-05-02 15:47:52] INFO     [SLU][desktop] Persistent profile: C:\Users\ALEXEV~1\AppData\Local\Temp\fb_login_profile
[2026-05-02 15:47:53] INFO     [SLU][desktop] Navigating to https://www.facebook.com/p/SLU-Freedom-Wall-61563510362403/
[2026-05-02 15:48:00] INFO     [SLU][desktop] Clicked Posts tab via span:has-text('Posts')
[2026-05-02 15:48:03] ERROR    [SLU][desktop] Error during scraping: string indices must be integers, not 'str'
[2026-05-02 15:48:04] INFO     [SLU] Strategy 'desktop' yielded 0 posts
[2026-05-02 15:48:04] INFO     [SLU] Trying strategy: basic_mobile
[2026-05-02 15:48:04] INFO     [SLU][basic_mobile] Injected 8 session cookies
[2026-05-02 15:48:04] INFO     [SLU][basic_mobile] Loading page 1
[2026-05-02 15:48:06] ERROR    [SLU][basic_mobile] Error: Page.goto: net::ERR_ABORTED at https://mbasic.facebook.com/SLU-Freedom-Wall-61563510362403/
Call log:
  - navigating to "https://mbasic.facebook.com/SLU-Freedom-Wall-61563510362403/", waiting until "domcontentloaded"

[2026-05-02 15:48:06] INFO     [SLU] Strategy 'basic_mobile' yielded 0 posts
[2026-05-02 15:48:06] INFO     [SLU] Final: 0 posts via 'none' in 14s — status: no_data
[2026-05-02 15:48:06] INFO     [SLU] Saved to C:\Users\Alex Evan\Documents\Research\scraper_project\data\SLU.json (0 posts)
[2026-05-02 15:48:06] INFO     ======================================================================
[2026-05-02 15:48:06] INFO     SCRAPE COMPLETE
[2026-05-02 15:48:06] INFO       Mode: playwright | Authenticated: True
[2026-05-02 15:48:06] INFO       Pages: 1 attempted, 0 with data
[2026-05-02 15:48:06] INFO       Total posts: 0
[2026-05-02 15:48:06] INFO       Duration: 14s (0.2 min)
[2026-05-02 15:48:06] INFO       Summary: C:\Users\Alex Evan\Documents\Research\scraper_project\data\scrape_summary.json
[2026-05-02 15:48:06] INFO     ======================================================================
