[2026-05-01 19:30:23] INFO     ======================================================================
[2026-05-01 19:30:23] INFO     Freedom Wall Scraper v1.0.0
[2026-05-01 19:30:23] INFO     Mode: playwright | Cookies: cookies.json
[2026-05-01 19:30:23] INFO     ======================================================================
[2026-05-01 19:30:23] INFO     Targets: ['SLU']
[2026-05-01 19:30:23] INFO     Target posts per page: 30
[2026-05-01 19:30:23] INFO     Loaded 8 cookies — authenticated mode ON (timeout=1800s, max_scrolls=800, delay=4-9s)
[2026-05-01 19:30:23] INFO     ==================================================
[2026-05-01 19:30:23] INFO     Processing 1/1: SLU
[2026-05-01 19:30:23] INFO     ============================================================
[2026-05-01 19:30:23] INFO     Starting scrape for SLU
[2026-05-01 19:30:23] INFO     [SLU] Trying strategy: desktop
[2026-05-01 19:30:23] INFO     [SLU][desktop] Injected 8 session cookies
[2026-05-01 19:30:24] INFO     [SLU][desktop] Navigating to https://www.facebook.com/p/SLU-Freedom-Wall-61563510362403/
[2026-05-01 19:30:31] INFO     [SLU][desktop] Clicked Posts tab via span:has-text('Posts')
[2026-05-01 19:30:35] INFO     [SLU][desktop] Scroll 1: +3 new (total 3) [1s elapsed]
[2026-05-01 19:30:43] INFO     [SLU][desktop] Scroll 2: +3 new (total 6) [10s elapsed]
[2026-05-01 19:30:51] INFO     [SLU][desktop] Scroll 3: +5 new (total 11) [17s elapsed]
[2026-05-01 19:31:00] INFO     [SLU][desktop] Scroll 4: +4 new (total 15) [26s elapsed]
[2026-05-01 19:31:07] INFO     [SLU][desktop] Scroll 5: +2 new (total 17) [33s elapsed]
[2026-05-01 19:31:15] INFO     [SLU][desktop] Scroll 6: +3 new (total 20) [41s elapsed]
[2026-05-01 19:31:25] INFO     [SLU][desktop] Scroll 7: +4 new (total 24) [51s elapsed]
[2026-05-01 19:31:45] INFO     [SLU][desktop] Scroll 9: +3 new (total 28) [71s elapsed]
[2026-05-01 19:31:55] INFO     [SLU][desktop] Scroll 10: +2 new (total 30) [81s elapsed]
[2026-05-01 19:31:55] INFO     [SLU][desktop] Target reached: 30 posts
[2026-05-01 19:31:55] INFO     [SLU] Strategy 'desktop' yielded 30 posts
[2026-05-01 19:31:55] INFO     [SLU] Final: 30 posts via 'desktop' in 93s — status: target_reached
[2026-05-01 19:31:55] INFO     [SLU] Saved to C:\Users\Alex Evan\Documents\Research\scraper_project\data\SLU.json (30 posts)
[2026-05-01 19:31:55] INFO     ======================================================================
[2026-05-01 19:31:55] INFO     SCRAPE COMPLETE
[2026-05-01 19:31:55] INFO       Mode: playwright | Authenticated: True
[2026-05-01 19:31:55] INFO       Pages: 1 attempted, 1 with data
[2026-05-01 19:31:55] INFO       Total posts: 30
[2026-05-01 19:31:55] INFO       Duration: 93s (1.5 min)
[2026-05-01 19:31:55] INFO       Summary: C:\Users\Alex Evan\Documents\Research\scraper_project\data\scrape_summary.json
[2026-05-01 19:31:55] INFO     ======================================================================
